<?xml version="1.0" encoding="UTF-8"?>
<testng-results ignored="0" total="1" passed="1" failed="0" skipped="0">
  <reporter-output>
  </reporter-output>
  <suite started-at="2022-06-08T13:34:32 WIB" name="Surefire suite" finished-at="2022-06-08T13:34:32 WIB" duration-ms="80">
    <groups>
    </groups>
    <test started-at="2022-06-08T13:34:32 WIB" name="Surefire test" finished-at="2022-06-08T13:34:32 WIB" duration-ms="80">
      <class name="com.example.AppTest">
        <test-method signature="shouldAnswerWithTrue()" started-at="2022-06-08T13:34:32 WIB" name="shouldAnswerWithTrue" finished-at="2022-06-08T13:34:32 WIB" duration-ms="8" status="PASS">
          <reporter-output>
          </reporter-output>
        </test-method> <!-- shouldAnswerWithTrue -->
      </class> <!-- com.example.AppTest -->
    </test> <!-- Surefire test -->
  </suite> <!-- Surefire suite -->
</testng-results>
